<?xml version="1.0" encoding="UTF-8"?>
<!-- Generated by org.testng.reporters.JUnitXMLReporter -->
<testsuite hostname="AB-noori" ignored="0" name="Default test(failed)" tests="1" failures="1" timestamp="2022-03-09T02:06:31 CST" time="0.036" errors="0">
  <testcase name="testLogin" time="0.007" classname="test.LoginTest">
    <failure type="java.lang.Error" message="Unresolved compilation problems: 
	BrowserFactory cannot be resolved
	LoginPage cannot be resolved to a type
	The method initElements(WebDriver, Class&amp;lt;LoginPage&amp;gt;) from the type PageFactory refers to the missing type LoginPage
	LoginPage cannot be resolved to a type
">
      <![CDATA[java.lang.Error: Unresolved compilation problems: 
BrowserFactory cannot be resolved
LoginPage cannot be resolved to a type
The method initElements(WebDriver, Class<LoginPage>) from the type PageFactory refers to the missing type LoginPage
LoginPage cannot be resolved to a type

at test.LoginTest.testLogin(LoginTest.java:21)
at java.util.ArrayList.forEach(ArrayList.java:1259)
... Removed 27 stack frames]]>
    </failure>
  </testcase> <!-- testLogin -->
</testsuite> <!-- Default test(failed) -->
