<?xml version="1.0" encoding="UTF-8"?>
<testng-results skipped="0" failed="0" ignored="0" total="1" passed="1">
  <reporter-output>
  </reporter-output>
  <suite name="test.LoginTest" duration-ms="3000" started-at="2022-03-10T03:40:04Z" finished-at="2022-03-10T03:40:07Z">
    <groups>
    </groups>
    <test name="Command line test" duration-ms="3000" started-at="2022-03-10T03:40:04Z" finished-at="2022-03-10T03:40:07Z">
      <class name="test.LoginTest">
        <test-method status="PASS" signature="testLogin()[pri:0, instance:test.LoginTest@56de5251]" name="testLogin" duration-ms="2987" started-at="2022-03-10T03:40:04Z" finished-at="2022-03-10T03:40:07Z">
          <reporter-output>
          </reporter-output>
        </test-method> <!-- testLogin -->
      </class> <!-- test.LoginTest -->
    </test> <!-- Command line test -->
  </suite> <!-- test.LoginTest -->
</testng-results>
